<?xml version="1.0" encoding="UTF-8"?>
<!-- Generated by org.testng.reporters.JUnitXMLReporter -->
<testsuite ignored="0" hostname="prathi" failures="0" tests="5" name="Test" time="123.849" errors="0" timestamp="2022-12-12T17:09:22 IST">
  <testcase classname="test_Scripts.Swiggy_Test" name="Browsersetup" time="23.153"/>
  <testcase classname="test_Scripts.Zomato_Test" name="Browsersetup" time="24.66"/>
  <testcase classname="test_Scripts.Ola_Test" name="Browsersetup" time="25.931"/>
  <testcase classname="test_Scripts.Uber_Test" name="Browsersetup" time="25.933"/>
  <testcase classname="test_Scripts.Kia_Test" name="Browsersetup" time="24.096"/>
</testsuite> <!-- Test -->
