<?xml version="1.0" encoding="UTF-8"?>
<testng-results ignored="0" total="1" passed="1" failed="0" skipped="0">
  <reporter-output>
  </reporter-output>
  <suite started-at="2022-12-12T15:29:15 IST" name="Default suite" finished-at="2022-12-12T15:29:36 IST" duration-ms="20947">
    <groups>
    </groups>
    <test started-at="2022-12-12T15:29:15 IST" name="Default test" finished-at="2022-12-12T15:29:36 IST" duration-ms="20947">
      <class name="test_Scripts.Kia_Test">
        <test-method signature="Browsersetup()[pri:0, instance:test_Scripts.Kia_Test@35047d03]" started-at="2022-12-12T15:29:15 IST" name="Browsersetup" finished-at="2022-12-12T15:29:36 IST" duration-ms="20900" status="PASS">
          <reporter-output>
          </reporter-output>
        </test-method> <!-- Browsersetup -->
      </class> <!-- test_Scripts.Kia_Test -->
    </test> <!-- Default test -->
  </suite> <!-- Default suite -->
</testng-results>
